[2026-01-15T18:36:28.341+0000] {processor.py:186} INFO - Started process (PID=164) to work on /opt/airflow/dags/sale_ingestion_dag.py
[2026-01-15T18:36:28.343+0000] {processor.py:914} INFO - Processing file /opt/airflow/dags/sale_ingestion_dag.py for tasks to queue
[2026-01-15T18:36:28.350+0000] {logging_mixin.py:190} INFO - [2026-01-15T18:36:28.349+0000] {dagbag.py:587} INFO - Filling up the DagBag from /opt/airflow/dags/sale_ingestion_dag.py
[2026-01-15T18:36:30.669+0000] {logging_mixin.py:190} INFO - [2026-01-15T18:36:30.662+0000] {dagbag.py:386} ERROR - Failed to import: /opt/airflow/dags/sale_ingestion_dag.py
Traceback (most recent call last):
  File "/home/airflow/.local/lib/python3.12/site-packages/airflow/models/dagbag.py", line 382, in parse
    loader.exec_module(new_module)
  File "<frozen importlib._bootstrap_external>", line 995, in exec_module
  File "<frozen importlib._bootstrap>", line 488, in _call_with_frames_removed
  File "/opt/airflow/dags/sale_ingestion_dag.py", line 220, in <module>
    slack_failure_notification = SlackNotifier(
                                 ^^^^^^^^^^^^^^
TypeError: SlackNotifier.__init__() got an unexpected keyword argument 'icon_emoji'
[2026-01-15T18:36:30.672+0000] {processor.py:927} WARNING - No viable dags retrieved from /opt/airflow/dags/sale_ingestion_dag.py
[2026-01-15T18:36:30.703+0000] {processor.py:208} INFO - Processing /opt/airflow/dags/sale_ingestion_dag.py took 2.371 seconds
[2026-01-15T18:37:00.974+0000] {processor.py:186} INFO - Started process (PID=170) to work on /opt/airflow/dags/sale_ingestion_dag.py
[2026-01-15T18:37:00.975+0000] {processor.py:914} INFO - Processing file /opt/airflow/dags/sale_ingestion_dag.py for tasks to queue
[2026-01-15T18:37:00.978+0000] {logging_mixin.py:190} INFO - [2026-01-15T18:37:00.978+0000] {dagbag.py:587} INFO - Filling up the DagBag from /opt/airflow/dags/sale_ingestion_dag.py
[2026-01-15T18:37:01.423+0000] {logging_mixin.py:190} INFO - [2026-01-15T18:37:01.416+0000] {dagbag.py:386} ERROR - Failed to import: /opt/airflow/dags/sale_ingestion_dag.py
Traceback (most recent call last):
  File "/home/airflow/.local/lib/python3.12/site-packages/airflow/models/dagbag.py", line 382, in parse
    loader.exec_module(new_module)
  File "<frozen importlib._bootstrap_external>", line 995, in exec_module
  File "<frozen importlib._bootstrap>", line 488, in _call_with_frames_removed
  File "/opt/airflow/dags/sale_ingestion_dag.py", line 220, in <module>
    slack_failure_notification = SlackNotifier(
                                 ^^^^^^^^^^^^^^
TypeError: SlackNotifier.__init__() got an unexpected keyword argument 'icon_emoji'
[2026-01-15T18:37:01.425+0000] {processor.py:927} WARNING - No viable dags retrieved from /opt/airflow/dags/sale_ingestion_dag.py
[2026-01-15T18:37:01.482+0000] {processor.py:208} INFO - Processing /opt/airflow/dags/sale_ingestion_dag.py took 0.514 seconds
[2026-01-15T18:37:31.958+0000] {processor.py:186} INFO - Started process (PID=176) to work on /opt/airflow/dags/sale_ingestion_dag.py
[2026-01-15T18:37:31.959+0000] {processor.py:914} INFO - Processing file /opt/airflow/dags/sale_ingestion_dag.py for tasks to queue
[2026-01-15T18:37:31.962+0000] {logging_mixin.py:190} INFO - [2026-01-15T18:37:31.961+0000] {dagbag.py:587} INFO - Filling up the DagBag from /opt/airflow/dags/sale_ingestion_dag.py
[2026-01-15T18:37:32.287+0000] {logging_mixin.py:190} INFO - [2026-01-15T18:37:32.284+0000] {dagbag.py:386} ERROR - Failed to import: /opt/airflow/dags/sale_ingestion_dag.py
Traceback (most recent call last):
  File "/home/airflow/.local/lib/python3.12/site-packages/airflow/models/dagbag.py", line 382, in parse
    loader.exec_module(new_module)
  File "<frozen importlib._bootstrap_external>", line 995, in exec_module
  File "<frozen importlib._bootstrap>", line 488, in _call_with_frames_removed
  File "/opt/airflow/dags/sale_ingestion_dag.py", line 220, in <module>
    slack_failure_notification = SlackNotifier(
                                 ^^^^^^^^^^^^^^
TypeError: SlackNotifier.__init__() got an unexpected keyword argument 'icon_emoji'
[2026-01-15T18:37:32.288+0000] {processor.py:927} WARNING - No viable dags retrieved from /opt/airflow/dags/sale_ingestion_dag.py
[2026-01-15T18:37:32.347+0000] {processor.py:208} INFO - Processing /opt/airflow/dags/sale_ingestion_dag.py took 0.397 seconds
[2026-01-15T18:38:02.629+0000] {processor.py:186} INFO - Started process (PID=182) to work on /opt/airflow/dags/sale_ingestion_dag.py
[2026-01-15T18:38:02.630+0000] {processor.py:914} INFO - Processing file /opt/airflow/dags/sale_ingestion_dag.py for tasks to queue
[2026-01-15T18:38:02.634+0000] {logging_mixin.py:190} INFO - [2026-01-15T18:38:02.633+0000] {dagbag.py:587} INFO - Filling up the DagBag from /opt/airflow/dags/sale_ingestion_dag.py
[2026-01-15T18:38:02.904+0000] {logging_mixin.py:190} INFO - [2026-01-15T18:38:02.896+0000] {dagbag.py:386} ERROR - Failed to import: /opt/airflow/dags/sale_ingestion_dag.py
Traceback (most recent call last):
  File "/home/airflow/.local/lib/python3.12/site-packages/airflow/models/dagbag.py", line 382, in parse
    loader.exec_module(new_module)
  File "<frozen importlib._bootstrap_external>", line 995, in exec_module
  File "<frozen importlib._bootstrap>", line 488, in _call_with_frames_removed
  File "/opt/airflow/dags/sale_ingestion_dag.py", line 220, in <module>
    slack_failure_notification = SlackNotifier(
                                 ^^^^^^^^^^^^^^
TypeError: SlackNotifier.__init__() got an unexpected keyword argument 'icon_emoji'
[2026-01-15T18:38:02.907+0000] {processor.py:927} WARNING - No viable dags retrieved from /opt/airflow/dags/sale_ingestion_dag.py
[2026-01-15T18:38:02.969+0000] {processor.py:208} INFO - Processing /opt/airflow/dags/sale_ingestion_dag.py took 0.346 seconds
[2026-01-15T18:38:33.292+0000] {processor.py:186} INFO - Started process (PID=188) to work on /opt/airflow/dags/sale_ingestion_dag.py
[2026-01-15T18:38:33.293+0000] {processor.py:914} INFO - Processing file /opt/airflow/dags/sale_ingestion_dag.py for tasks to queue
[2026-01-15T18:38:33.296+0000] {logging_mixin.py:190} INFO - [2026-01-15T18:38:33.296+0000] {dagbag.py:587} INFO - Filling up the DagBag from /opt/airflow/dags/sale_ingestion_dag.py
[2026-01-15T18:38:33.540+0000] {logging_mixin.py:190} INFO - [2026-01-15T18:38:33.532+0000] {dagbag.py:386} ERROR - Failed to import: /opt/airflow/dags/sale_ingestion_dag.py
Traceback (most recent call last):
  File "/home/airflow/.local/lib/python3.12/site-packages/airflow/models/dagbag.py", line 382, in parse
    loader.exec_module(new_module)
  File "<frozen importlib._bootstrap_external>", line 995, in exec_module
  File "<frozen importlib._bootstrap>", line 488, in _call_with_frames_removed
  File "/opt/airflow/dags/sale_ingestion_dag.py", line 220, in <module>
    slack_failure_notification = SlackNotifier(
                                 ^^^^^^^^^^^^^^
TypeError: SlackNotifier.__init__() got an unexpected keyword argument 'icon_emoji'
[2026-01-15T18:38:33.542+0000] {processor.py:927} WARNING - No viable dags retrieved from /opt/airflow/dags/sale_ingestion_dag.py
[2026-01-15T18:38:33.605+0000] {processor.py:208} INFO - Processing /opt/airflow/dags/sale_ingestion_dag.py took 0.318 seconds
[2026-01-15T18:39:03.712+0000] {processor.py:186} INFO - Started process (PID=194) to work on /opt/airflow/dags/sale_ingestion_dag.py
[2026-01-15T18:39:03.713+0000] {processor.py:914} INFO - Processing file /opt/airflow/dags/sale_ingestion_dag.py for tasks to queue
[2026-01-15T18:39:03.716+0000] {logging_mixin.py:190} INFO - [2026-01-15T18:39:03.716+0000] {dagbag.py:587} INFO - Filling up the DagBag from /opt/airflow/dags/sale_ingestion_dag.py
[2026-01-15T18:39:03.984+0000] {logging_mixin.py:190} INFO - [2026-01-15T18:39:03.976+0000] {dagbag.py:386} ERROR - Failed to import: /opt/airflow/dags/sale_ingestion_dag.py
Traceback (most recent call last):
  File "/home/airflow/.local/lib/python3.12/site-packages/airflow/models/dagbag.py", line 382, in parse
    loader.exec_module(new_module)
  File "<frozen importlib._bootstrap_external>", line 995, in exec_module
  File "<frozen importlib._bootstrap>", line 488, in _call_with_frames_removed
  File "/opt/airflow/dags/sale_ingestion_dag.py", line 220, in <module>
    slack_failure_notification = SlackNotifier(
                                 ^^^^^^^^^^^^^^
TypeError: SlackNotifier.__init__() got an unexpected keyword argument 'icon_emoji'
[2026-01-15T18:39:03.987+0000] {processor.py:927} WARNING - No viable dags retrieved from /opt/airflow/dags/sale_ingestion_dag.py
[2026-01-15T18:39:04.054+0000] {processor.py:208} INFO - Processing /opt/airflow/dags/sale_ingestion_dag.py took 0.348 seconds
[2026-01-15T18:39:33.198+0000] {processor.py:186} INFO - Started process (PID=164) to work on /opt/airflow/dags/sale_ingestion_dag.py
[2026-01-15T18:39:33.199+0000] {processor.py:914} INFO - Processing file /opt/airflow/dags/sale_ingestion_dag.py for tasks to queue
[2026-01-15T18:39:33.201+0000] {logging_mixin.py:190} INFO - [2026-01-15T18:39:33.200+0000] {dagbag.py:587} INFO - Filling up the DagBag from /opt/airflow/dags/sale_ingestion_dag.py
[2026-01-15T18:39:34.506+0000] {logging_mixin.py:190} INFO - [2026-01-15T18:39:34.499+0000] {dagbag.py:386} ERROR - Failed to import: /opt/airflow/dags/sale_ingestion_dag.py
Traceback (most recent call last):
  File "/home/airflow/.local/lib/python3.12/site-packages/airflow/models/dagbag.py", line 382, in parse
    loader.exec_module(new_module)
  File "<frozen importlib._bootstrap_external>", line 995, in exec_module
  File "<frozen importlib._bootstrap>", line 488, in _call_with_frames_removed
  File "/opt/airflow/dags/sale_ingestion_dag.py", line 220, in <module>
    slack_failure_notification = SlackNotifier(
                                 ^^^^^^^^^^^^^^
TypeError: SlackNotifier.__init__() got an unexpected keyword argument 'icon_emoji'
[2026-01-15T18:39:34.509+0000] {processor.py:927} WARNING - No viable dags retrieved from /opt/airflow/dags/sale_ingestion_dag.py
[2026-01-15T18:39:34.529+0000] {processor.py:208} INFO - Processing /opt/airflow/dags/sale_ingestion_dag.py took 1.338 seconds
[2026-01-15T18:40:04.819+0000] {processor.py:186} INFO - Started process (PID=170) to work on /opt/airflow/dags/sale_ingestion_dag.py
[2026-01-15T18:40:04.820+0000] {processor.py:914} INFO - Processing file /opt/airflow/dags/sale_ingestion_dag.py for tasks to queue
[2026-01-15T18:40:04.823+0000] {logging_mixin.py:190} INFO - [2026-01-15T18:40:04.823+0000] {dagbag.py:587} INFO - Filling up the DagBag from /opt/airflow/dags/sale_ingestion_dag.py
[2026-01-15T18:40:05.262+0000] {logging_mixin.py:190} INFO - [2026-01-15T18:40:05.254+0000] {dagbag.py:386} ERROR - Failed to import: /opt/airflow/dags/sale_ingestion_dag.py
Traceback (most recent call last):
  File "/home/airflow/.local/lib/python3.12/site-packages/airflow/models/dagbag.py", line 382, in parse
    loader.exec_module(new_module)
  File "<frozen importlib._bootstrap_external>", line 995, in exec_module
  File "<frozen importlib._bootstrap>", line 488, in _call_with_frames_removed
  File "/opt/airflow/dags/sale_ingestion_dag.py", line 220, in <module>
    slack_failure_notification = SlackNotifier(
                                 ^^^^^^^^^^^^^^
TypeError: SlackNotifier.__init__() got an unexpected keyword argument 'icon_emoji'
[2026-01-15T18:40:05.264+0000] {processor.py:927} WARNING - No viable dags retrieved from /opt/airflow/dags/sale_ingestion_dag.py
[2026-01-15T18:40:05.317+0000] {processor.py:208} INFO - Processing /opt/airflow/dags/sale_ingestion_dag.py took 0.506 seconds
[2026-01-15T18:40:35.919+0000] {processor.py:186} INFO - Started process (PID=176) to work on /opt/airflow/dags/sale_ingestion_dag.py
[2026-01-15T18:40:35.921+0000] {processor.py:914} INFO - Processing file /opt/airflow/dags/sale_ingestion_dag.py for tasks to queue
[2026-01-15T18:40:35.923+0000] {logging_mixin.py:190} INFO - [2026-01-15T18:40:35.923+0000] {dagbag.py:587} INFO - Filling up the DagBag from /opt/airflow/dags/sale_ingestion_dag.py
[2026-01-15T18:40:36.188+0000] {logging_mixin.py:190} INFO - [2026-01-15T18:40:36.179+0000] {dagbag.py:386} ERROR - Failed to import: /opt/airflow/dags/sale_ingestion_dag.py
Traceback (most recent call last):
  File "/home/airflow/.local/lib/python3.12/site-packages/airflow/models/dagbag.py", line 382, in parse
    loader.exec_module(new_module)
  File "<frozen importlib._bootstrap_external>", line 995, in exec_module
  File "<frozen importlib._bootstrap>", line 488, in _call_with_frames_removed
  File "/opt/airflow/dags/sale_ingestion_dag.py", line 220, in <module>
    slack_failure_notification = SlackNotifier(
                                 ^^^^^^^^^^^^^^
TypeError: SlackNotifier.__init__() got an unexpected keyword argument 'icon_emoji'
[2026-01-15T18:40:36.190+0000] {processor.py:927} WARNING - No viable dags retrieved from /opt/airflow/dags/sale_ingestion_dag.py
[2026-01-15T18:40:36.210+0000] {processor.py:208} INFO - Processing /opt/airflow/dags/sale_ingestion_dag.py took 0.299 seconds
[2026-01-15T18:41:06.390+0000] {processor.py:186} INFO - Started process (PID=182) to work on /opt/airflow/dags/sale_ingestion_dag.py
[2026-01-15T18:41:06.392+0000] {processor.py:914} INFO - Processing file /opt/airflow/dags/sale_ingestion_dag.py for tasks to queue
[2026-01-15T18:41:06.394+0000] {logging_mixin.py:190} INFO - [2026-01-15T18:41:06.394+0000] {dagbag.py:587} INFO - Filling up the DagBag from /opt/airflow/dags/sale_ingestion_dag.py
[2026-01-15T18:41:06.653+0000] {logging_mixin.py:190} INFO - [2026-01-15T18:41:06.644+0000] {dagbag.py:386} ERROR - Failed to import: /opt/airflow/dags/sale_ingestion_dag.py
Traceback (most recent call last):
  File "/home/airflow/.local/lib/python3.12/site-packages/airflow/models/dagbag.py", line 382, in parse
    loader.exec_module(new_module)
  File "<frozen importlib._bootstrap_external>", line 995, in exec_module
  File "<frozen importlib._bootstrap>", line 488, in _call_with_frames_removed
  File "/opt/airflow/dags/sale_ingestion_dag.py", line 220, in <module>
    slack_failure_notification = SlackNotifier(
                                 ^^^^^^^^^^^^^^
TypeError: SlackNotifier.__init__() got an unexpected keyword argument 'icon_emoji'
[2026-01-15T18:41:06.655+0000] {processor.py:927} WARNING - No viable dags retrieved from /opt/airflow/dags/sale_ingestion_dag.py
[2026-01-15T18:41:06.713+0000] {processor.py:208} INFO - Processing /opt/airflow/dags/sale_ingestion_dag.py took 0.330 seconds
[2026-01-15T18:41:36.851+0000] {processor.py:186} INFO - Started process (PID=188) to work on /opt/airflow/dags/sale_ingestion_dag.py
[2026-01-15T18:41:36.852+0000] {processor.py:914} INFO - Processing file /opt/airflow/dags/sale_ingestion_dag.py for tasks to queue
[2026-01-15T18:41:36.855+0000] {logging_mixin.py:190} INFO - [2026-01-15T18:41:36.855+0000] {dagbag.py:587} INFO - Filling up the DagBag from /opt/airflow/dags/sale_ingestion_dag.py
[2026-01-15T18:41:37.147+0000] {logging_mixin.py:190} INFO - [2026-01-15T18:41:37.139+0000] {dagbag.py:386} ERROR - Failed to import: /opt/airflow/dags/sale_ingestion_dag.py
Traceback (most recent call last):
  File "/home/airflow/.local/lib/python3.12/site-packages/airflow/models/dagbag.py", line 382, in parse
    loader.exec_module(new_module)
  File "<frozen importlib._bootstrap_external>", line 995, in exec_module
  File "<frozen importlib._bootstrap>", line 488, in _call_with_frames_removed
  File "/opt/airflow/dags/sale_ingestion_dag.py", line 220, in <module>
    slack_failure_notification = SlackNotifier(
                                 ^^^^^^^^^^^^^^
TypeError: SlackNotifier.__init__() got an unexpected keyword argument 'icon_emoji'
[2026-01-15T18:41:37.149+0000] {processor.py:927} WARNING - No viable dags retrieved from /opt/airflow/dags/sale_ingestion_dag.py
[2026-01-15T18:41:37.171+0000] {processor.py:208} INFO - Processing /opt/airflow/dags/sale_ingestion_dag.py took 0.326 seconds
[2026-01-15T18:42:07.371+0000] {processor.py:186} INFO - Started process (PID=194) to work on /opt/airflow/dags/sale_ingestion_dag.py
[2026-01-15T18:42:07.372+0000] {processor.py:914} INFO - Processing file /opt/airflow/dags/sale_ingestion_dag.py for tasks to queue
[2026-01-15T18:42:07.375+0000] {logging_mixin.py:190} INFO - [2026-01-15T18:42:07.374+0000] {dagbag.py:587} INFO - Filling up the DagBag from /opt/airflow/dags/sale_ingestion_dag.py
[2026-01-15T18:42:07.675+0000] {logging_mixin.py:190} INFO - [2026-01-15T18:42:07.666+0000] {dagbag.py:386} ERROR - Failed to import: /opt/airflow/dags/sale_ingestion_dag.py
Traceback (most recent call last):
  File "/home/airflow/.local/lib/python3.12/site-packages/airflow/models/dagbag.py", line 382, in parse
    loader.exec_module(new_module)
  File "<frozen importlib._bootstrap_external>", line 995, in exec_module
  File "<frozen importlib._bootstrap>", line 488, in _call_with_frames_removed
  File "/opt/airflow/dags/sale_ingestion_dag.py", line 220, in <module>
    slack_failure_notification = SlackNotifier(
                                 ^^^^^^^^^^^^^^
TypeError: SlackNotifier.__init__() got an unexpected keyword argument 'icon_emoji'
[2026-01-15T18:42:07.677+0000] {processor.py:927} WARNING - No viable dags retrieved from /opt/airflow/dags/sale_ingestion_dag.py
[2026-01-15T18:42:07.697+0000] {processor.py:208} INFO - Processing /opt/airflow/dags/sale_ingestion_dag.py took 0.332 seconds
[2026-01-15T18:42:37.792+0000] {processor.py:186} INFO - Started process (PID=200) to work on /opt/airflow/dags/sale_ingestion_dag.py
[2026-01-15T18:42:37.793+0000] {processor.py:914} INFO - Processing file /opt/airflow/dags/sale_ingestion_dag.py for tasks to queue
[2026-01-15T18:42:37.796+0000] {logging_mixin.py:190} INFO - [2026-01-15T18:42:37.795+0000] {dagbag.py:587} INFO - Filling up the DagBag from /opt/airflow/dags/sale_ingestion_dag.py
[2026-01-15T18:42:38.066+0000] {logging_mixin.py:190} INFO - [2026-01-15T18:42:38.058+0000] {dagbag.py:386} ERROR - Failed to import: /opt/airflow/dags/sale_ingestion_dag.py
Traceback (most recent call last):
  File "/home/airflow/.local/lib/python3.12/site-packages/airflow/models/dagbag.py", line 382, in parse
    loader.exec_module(new_module)
  File "<frozen importlib._bootstrap_external>", line 995, in exec_module
  File "<frozen importlib._bootstrap>", line 488, in _call_with_frames_removed
  File "/opt/airflow/dags/sale_ingestion_dag.py", line 220, in <module>
    slack_failure_notification = SlackNotifier(
                                 ^^^^^^^^^^^^^^
TypeError: SlackNotifier.__init__() got an unexpected keyword argument 'icon_emoji'
[2026-01-15T18:42:38.068+0000] {processor.py:927} WARNING - No viable dags retrieved from /opt/airflow/dags/sale_ingestion_dag.py
[2026-01-15T18:42:38.128+0000] {processor.py:208} INFO - Processing /opt/airflow/dags/sale_ingestion_dag.py took 0.344 seconds
[2026-01-15T18:43:08.355+0000] {processor.py:186} INFO - Started process (PID=206) to work on /opt/airflow/dags/sale_ingestion_dag.py
[2026-01-15T18:43:08.356+0000] {processor.py:914} INFO - Processing file /opt/airflow/dags/sale_ingestion_dag.py for tasks to queue
[2026-01-15T18:43:08.358+0000] {logging_mixin.py:190} INFO - [2026-01-15T18:43:08.358+0000] {dagbag.py:587} INFO - Filling up the DagBag from /opt/airflow/dags/sale_ingestion_dag.py
[2026-01-15T18:43:08.605+0000] {logging_mixin.py:190} INFO - [2026-01-15T18:43:08.600+0000] {dagbag.py:386} ERROR - Failed to import: /opt/airflow/dags/sale_ingestion_dag.py
Traceback (most recent call last):
  File "/home/airflow/.local/lib/python3.12/site-packages/airflow/models/dagbag.py", line 382, in parse
    loader.exec_module(new_module)
  File "<frozen importlib._bootstrap_external>", line 995, in exec_module
  File "<frozen importlib._bootstrap>", line 488, in _call_with_frames_removed
  File "/opt/airflow/dags/sale_ingestion_dag.py", line 220, in <module>
    slack_failure_notification = SlackNotifier(
                                 ^^^^^^^^^^^^^^
TypeError: SlackNotifier.__init__() got an unexpected keyword argument 'icon_emoji'
[2026-01-15T18:43:08.606+0000] {processor.py:927} WARNING - No viable dags retrieved from /opt/airflow/dags/sale_ingestion_dag.py
[2026-01-15T18:43:08.697+0000] {processor.py:208} INFO - Processing /opt/airflow/dags/sale_ingestion_dag.py took 0.347 seconds
[2026-01-15T18:43:39.017+0000] {processor.py:186} INFO - Started process (PID=212) to work on /opt/airflow/dags/sale_ingestion_dag.py
[2026-01-15T18:43:39.018+0000] {processor.py:914} INFO - Processing file /opt/airflow/dags/sale_ingestion_dag.py for tasks to queue
[2026-01-15T18:43:39.021+0000] {logging_mixin.py:190} INFO - [2026-01-15T18:43:39.020+0000] {dagbag.py:587} INFO - Filling up the DagBag from /opt/airflow/dags/sale_ingestion_dag.py
[2026-01-15T18:43:39.279+0000] {logging_mixin.py:190} INFO - [2026-01-15T18:43:39.272+0000] {dagbag.py:386} ERROR - Failed to import: /opt/airflow/dags/sale_ingestion_dag.py
Traceback (most recent call last):
  File "/home/airflow/.local/lib/python3.12/site-packages/airflow/models/dagbag.py", line 382, in parse
    loader.exec_module(new_module)
  File "<frozen importlib._bootstrap_external>", line 995, in exec_module
  File "<frozen importlib._bootstrap>", line 488, in _call_with_frames_removed
  File "/opt/airflow/dags/sale_ingestion_dag.py", line 220, in <module>
    slack_failure_notification = SlackNotifier(
                                 ^^^^^^^^^^^^^^
TypeError: SlackNotifier.__init__() got an unexpected keyword argument 'icon_emoji'
[2026-01-15T18:43:39.281+0000] {processor.py:927} WARNING - No viable dags retrieved from /opt/airflow/dags/sale_ingestion_dag.py
[2026-01-15T18:43:39.342+0000] {processor.py:208} INFO - Processing /opt/airflow/dags/sale_ingestion_dag.py took 0.330 seconds
[2026-01-15T18:44:09.682+0000] {processor.py:186} INFO - Started process (PID=218) to work on /opt/airflow/dags/sale_ingestion_dag.py
[2026-01-15T18:44:09.683+0000] {processor.py:914} INFO - Processing file /opt/airflow/dags/sale_ingestion_dag.py for tasks to queue
[2026-01-15T18:44:09.685+0000] {logging_mixin.py:190} INFO - [2026-01-15T18:44:09.685+0000] {dagbag.py:587} INFO - Filling up the DagBag from /opt/airflow/dags/sale_ingestion_dag.py
[2026-01-15T18:44:10.018+0000] {logging_mixin.py:190} INFO - [2026-01-15T18:44:10.011+0000] {dagbag.py:386} ERROR - Failed to import: /opt/airflow/dags/sale_ingestion_dag.py
Traceback (most recent call last):
  File "/home/airflow/.local/lib/python3.12/site-packages/airflow/models/dagbag.py", line 382, in parse
    loader.exec_module(new_module)
  File "<frozen importlib._bootstrap_external>", line 995, in exec_module
  File "<frozen importlib._bootstrap>", line 488, in _call_with_frames_removed
  File "/opt/airflow/dags/sale_ingestion_dag.py", line 220, in <module>
    slack_failure_notification = SlackNotifier(
                                 ^^^^^^^^^^^^^^
TypeError: SlackNotifier.__init__() got an unexpected keyword argument 'icon_emoji'
[2026-01-15T18:44:10.020+0000] {processor.py:927} WARNING - No viable dags retrieved from /opt/airflow/dags/sale_ingestion_dag.py
[2026-01-15T18:44:10.082+0000] {processor.py:208} INFO - Processing /opt/airflow/dags/sale_ingestion_dag.py took 0.406 seconds
[2026-01-15T18:44:40.399+0000] {processor.py:186} INFO - Started process (PID=224) to work on /opt/airflow/dags/sale_ingestion_dag.py
[2026-01-15T18:44:40.400+0000] {processor.py:914} INFO - Processing file /opt/airflow/dags/sale_ingestion_dag.py for tasks to queue
[2026-01-15T18:44:40.403+0000] {logging_mixin.py:190} INFO - [2026-01-15T18:44:40.403+0000] {dagbag.py:587} INFO - Filling up the DagBag from /opt/airflow/dags/sale_ingestion_dag.py
[2026-01-15T18:44:40.663+0000] {logging_mixin.py:190} INFO - [2026-01-15T18:44:40.656+0000] {dagbag.py:386} ERROR - Failed to import: /opt/airflow/dags/sale_ingestion_dag.py
Traceback (most recent call last):
  File "/home/airflow/.local/lib/python3.12/site-packages/airflow/models/dagbag.py", line 382, in parse
    loader.exec_module(new_module)
  File "<frozen importlib._bootstrap_external>", line 995, in exec_module
  File "<frozen importlib._bootstrap>", line 488, in _call_with_frames_removed
  File "/opt/airflow/dags/sale_ingestion_dag.py", line 220, in <module>
    slack_failure_notification = SlackNotifier(
                                 ^^^^^^^^^^^^^^
TypeError: SlackNotifier.__init__() got an unexpected keyword argument 'icon_emoji'
[2026-01-15T18:44:40.665+0000] {processor.py:927} WARNING - No viable dags retrieved from /opt/airflow/dags/sale_ingestion_dag.py
[2026-01-15T18:44:40.740+0000] {processor.py:208} INFO - Processing /opt/airflow/dags/sale_ingestion_dag.py took 0.347 seconds
[2026-01-15T18:45:11.082+0000] {processor.py:186} INFO - Started process (PID=230) to work on /opt/airflow/dags/sale_ingestion_dag.py
[2026-01-15T18:45:11.084+0000] {processor.py:914} INFO - Processing file /opt/airflow/dags/sale_ingestion_dag.py for tasks to queue
[2026-01-15T18:45:11.086+0000] {logging_mixin.py:190} INFO - [2026-01-15T18:45:11.086+0000] {dagbag.py:587} INFO - Filling up the DagBag from /opt/airflow/dags/sale_ingestion_dag.py
[2026-01-15T18:45:11.344+0000] {logging_mixin.py:190} INFO - [2026-01-15T18:45:11.337+0000] {dagbag.py:386} ERROR - Failed to import: /opt/airflow/dags/sale_ingestion_dag.py
Traceback (most recent call last):
  File "/home/airflow/.local/lib/python3.12/site-packages/airflow/models/dagbag.py", line 382, in parse
    loader.exec_module(new_module)
  File "<frozen importlib._bootstrap_external>", line 995, in exec_module
  File "<frozen importlib._bootstrap>", line 488, in _call_with_frames_removed
  File "/opt/airflow/dags/sale_ingestion_dag.py", line 220, in <module>
    slack_failure_notification = SlackNotifier(
                                 ^^^^^^^^^^^^^^
TypeError: SlackNotifier.__init__() got an unexpected keyword argument 'icon_emoji'
[2026-01-15T18:45:11.345+0000] {processor.py:927} WARNING - No viable dags retrieved from /opt/airflow/dags/sale_ingestion_dag.py
[2026-01-15T18:45:11.386+0000] {processor.py:208} INFO - Processing /opt/airflow/dags/sale_ingestion_dag.py took 0.310 seconds
[2026-01-15T18:45:41.446+0000] {processor.py:186} INFO - Started process (PID=236) to work on /opt/airflow/dags/sale_ingestion_dag.py
[2026-01-15T18:45:41.447+0000] {processor.py:914} INFO - Processing file /opt/airflow/dags/sale_ingestion_dag.py for tasks to queue
[2026-01-15T18:45:41.449+0000] {logging_mixin.py:190} INFO - [2026-01-15T18:45:41.448+0000] {dagbag.py:587} INFO - Filling up the DagBag from /opt/airflow/dags/sale_ingestion_dag.py
[2026-01-15T18:45:41.694+0000] {logging_mixin.py:190} INFO - [2026-01-15T18:45:41.687+0000] {dagbag.py:386} ERROR - Failed to import: /opt/airflow/dags/sale_ingestion_dag.py
Traceback (most recent call last):
  File "/home/airflow/.local/lib/python3.12/site-packages/airflow/models/dagbag.py", line 382, in parse
    loader.exec_module(new_module)
  File "<frozen importlib._bootstrap_external>", line 995, in exec_module
  File "<frozen importlib._bootstrap>", line 488, in _call_with_frames_removed
  File "/opt/airflow/dags/sale_ingestion_dag.py", line 220, in <module>
    slack_failure_notification = SlackNotifier(
                                 ^^^^^^^^^^^^^^
TypeError: SlackNotifier.__init__() got an unexpected keyword argument 'icon_emoji'
[2026-01-15T18:45:41.697+0000] {processor.py:927} WARNING - No viable dags retrieved from /opt/airflow/dags/sale_ingestion_dag.py
[2026-01-15T18:45:41.759+0000] {processor.py:208} INFO - Processing /opt/airflow/dags/sale_ingestion_dag.py took 0.320 seconds
[2026-01-15T18:46:12.041+0000] {processor.py:186} INFO - Started process (PID=242) to work on /opt/airflow/dags/sale_ingestion_dag.py
[2026-01-15T18:46:12.043+0000] {processor.py:914} INFO - Processing file /opt/airflow/dags/sale_ingestion_dag.py for tasks to queue
[2026-01-15T18:46:12.045+0000] {logging_mixin.py:190} INFO - [2026-01-15T18:46:12.045+0000] {dagbag.py:587} INFO - Filling up the DagBag from /opt/airflow/dags/sale_ingestion_dag.py
[2026-01-15T18:46:12.304+0000] {logging_mixin.py:190} INFO - [2026-01-15T18:46:12.297+0000] {dagbag.py:386} ERROR - Failed to import: /opt/airflow/dags/sale_ingestion_dag.py
Traceback (most recent call last):
  File "/home/airflow/.local/lib/python3.12/site-packages/airflow/models/dagbag.py", line 382, in parse
    loader.exec_module(new_module)
  File "<frozen importlib._bootstrap_external>", line 995, in exec_module
  File "<frozen importlib._bootstrap>", line 488, in _call_with_frames_removed
  File "/opt/airflow/dags/sale_ingestion_dag.py", line 220, in <module>
    slack_failure_notification = SlackNotifier(
                                 ^^^^^^^^^^^^^^
TypeError: SlackNotifier.__init__() got an unexpected keyword argument 'icon_emoji'
[2026-01-15T18:46:12.307+0000] {processor.py:927} WARNING - No viable dags retrieved from /opt/airflow/dags/sale_ingestion_dag.py
[2026-01-15T18:46:12.328+0000] {processor.py:208} INFO - Processing /opt/airflow/dags/sale_ingestion_dag.py took 0.294 seconds
[2026-01-15T18:46:42.490+0000] {processor.py:186} INFO - Started process (PID=248) to work on /opt/airflow/dags/sale_ingestion_dag.py
[2026-01-15T18:46:42.491+0000] {processor.py:914} INFO - Processing file /opt/airflow/dags/sale_ingestion_dag.py for tasks to queue
[2026-01-15T18:46:42.494+0000] {logging_mixin.py:190} INFO - [2026-01-15T18:46:42.494+0000] {dagbag.py:587} INFO - Filling up the DagBag from /opt/airflow/dags/sale_ingestion_dag.py
[2026-01-15T18:46:42.830+0000] {logging_mixin.py:190} INFO - [2026-01-15T18:46:42.824+0000] {dagbag.py:386} ERROR - Failed to import: /opt/airflow/dags/sale_ingestion_dag.py
Traceback (most recent call last):
  File "/home/airflow/.local/lib/python3.12/site-packages/airflow/models/dagbag.py", line 382, in parse
    loader.exec_module(new_module)
  File "<frozen importlib._bootstrap_external>", line 995, in exec_module
  File "<frozen importlib._bootstrap>", line 488, in _call_with_frames_removed
  File "/opt/airflow/dags/sale_ingestion_dag.py", line 220, in <module>
    slack_failure_notification = SlackNotifier(
                                 ^^^^^^^^^^^^^^
TypeError: SlackNotifier.__init__() got an unexpected keyword argument 'icon_emoji'
[2026-01-15T18:46:42.832+0000] {processor.py:927} WARNING - No viable dags retrieved from /opt/airflow/dags/sale_ingestion_dag.py
[2026-01-15T18:46:42.852+0000] {processor.py:208} INFO - Processing /opt/airflow/dags/sale_ingestion_dag.py took 0.370 seconds
[2026-01-15T18:47:12.931+0000] {processor.py:186} INFO - Started process (PID=254) to work on /opt/airflow/dags/sale_ingestion_dag.py
[2026-01-15T18:47:12.932+0000] {processor.py:914} INFO - Processing file /opt/airflow/dags/sale_ingestion_dag.py for tasks to queue
[2026-01-15T18:47:12.935+0000] {logging_mixin.py:190} INFO - [2026-01-15T18:47:12.935+0000] {dagbag.py:587} INFO - Filling up the DagBag from /opt/airflow/dags/sale_ingestion_dag.py
[2026-01-15T18:47:13.195+0000] {logging_mixin.py:190} INFO - [2026-01-15T18:47:13.190+0000] {dagbag.py:386} ERROR - Failed to import: /opt/airflow/dags/sale_ingestion_dag.py
Traceback (most recent call last):
  File "/home/airflow/.local/lib/python3.12/site-packages/airflow/models/dagbag.py", line 382, in parse
    loader.exec_module(new_module)
  File "<frozen importlib._bootstrap_external>", line 995, in exec_module
  File "<frozen importlib._bootstrap>", line 488, in _call_with_frames_removed
  File "/opt/airflow/dags/sale_ingestion_dag.py", line 220, in <module>
    slack_failure_notification = SlackNotifier(
                                 ^^^^^^^^^^^^^^
TypeError: SlackNotifier.__init__() got an unexpected keyword argument 'icon_emoji'
[2026-01-15T18:47:13.196+0000] {processor.py:927} WARNING - No viable dags retrieved from /opt/airflow/dags/sale_ingestion_dag.py
[2026-01-15T18:47:13.218+0000] {processor.py:208} INFO - Processing /opt/airflow/dags/sale_ingestion_dag.py took 0.293 seconds
[2026-01-15T18:47:31.352+0000] {processor.py:186} INFO - Started process (PID=260) to work on /opt/airflow/dags/sale_ingestion_dag.py
[2026-01-15T18:47:31.353+0000] {processor.py:914} INFO - Processing file /opt/airflow/dags/sale_ingestion_dag.py for tasks to queue
[2026-01-15T18:47:31.355+0000] {logging_mixin.py:190} INFO - [2026-01-15T18:47:31.355+0000] {dagbag.py:587} INFO - Filling up the DagBag from /opt/airflow/dags/sale_ingestion_dag.py
[2026-01-15T18:47:31.681+0000] {processor.py:925} INFO - DAG(s) 'sales_ingestion_incremental' retrieved from /opt/airflow/dags/sale_ingestion_dag.py
[2026-01-15T18:47:31.941+0000] {logging_mixin.py:190} INFO - [2026-01-15T18:47:31.940+0000] {override.py:1858} INFO - Created Permission View: can read on DAG:sales_ingestion_incremental
[2026-01-15T18:47:31.950+0000] {logging_mixin.py:190} INFO - [2026-01-15T18:47:31.950+0000] {override.py:1858} INFO - Created Permission View: can delete on DAG:sales_ingestion_incremental
[2026-01-15T18:47:31.958+0000] {logging_mixin.py:190} INFO - [2026-01-15T18:47:31.958+0000] {override.py:1858} INFO - Created Permission View: can edit on DAG:sales_ingestion_incremental
[2026-01-15T18:47:31.959+0000] {logging_mixin.py:190} INFO - [2026-01-15T18:47:31.959+0000] {dag.py:3211} INFO - Sync 1 DAGs
[2026-01-15T18:47:31.971+0000] {logging_mixin.py:190} INFO - [2026-01-15T18:47:31.971+0000] {dag.py:3234} INFO - Creating ORM DAG for sales_ingestion_incremental
[2026-01-15T18:47:31.973+0000] {logging_mixin.py:190} INFO - [2026-01-15T18:47:31.972+0000] {dag.py:4138} INFO - Setting next_dagrun for sales_ingestion_incremental to None, run_after=None
[2026-01-15T18:47:32.002+0000] {processor.py:208} INFO - Processing /opt/airflow/dags/sale_ingestion_dag.py took 0.656 seconds
[2026-01-15T18:48:02.337+0000] {processor.py:186} INFO - Started process (PID=266) to work on /opt/airflow/dags/sale_ingestion_dag.py
[2026-01-15T18:48:02.338+0000] {processor.py:914} INFO - Processing file /opt/airflow/dags/sale_ingestion_dag.py for tasks to queue
[2026-01-15T18:48:02.341+0000] {logging_mixin.py:190} INFO - [2026-01-15T18:48:02.341+0000] {dagbag.py:587} INFO - Filling up the DagBag from /opt/airflow/dags/sale_ingestion_dag.py
[2026-01-15T18:48:02.608+0000] {processor.py:925} INFO - DAG(s) 'sales_ingestion_incremental' retrieved from /opt/airflow/dags/sale_ingestion_dag.py
[2026-01-15T18:48:02.640+0000] {logging_mixin.py:190} INFO - [2026-01-15T18:48:02.640+0000] {dag.py:3211} INFO - Sync 1 DAGs
[2026-01-15T18:48:02.655+0000] {logging_mixin.py:190} INFO - [2026-01-15T18:48:02.655+0000] {dag.py:4138} INFO - Setting next_dagrun for sales_ingestion_incremental to None, run_after=None
[2026-01-15T18:48:02.680+0000] {processor.py:208} INFO - Processing /opt/airflow/dags/sale_ingestion_dag.py took 0.350 seconds
[2026-01-15T18:48:33.219+0000] {processor.py:186} INFO - Started process (PID=272) to work on /opt/airflow/dags/sale_ingestion_dag.py
[2026-01-15T18:48:33.220+0000] {processor.py:914} INFO - Processing file /opt/airflow/dags/sale_ingestion_dag.py for tasks to queue
[2026-01-15T18:48:33.223+0000] {logging_mixin.py:190} INFO - [2026-01-15T18:48:33.222+0000] {dagbag.py:587} INFO - Filling up the DagBag from /opt/airflow/dags/sale_ingestion_dag.py
[2026-01-15T18:48:33.489+0000] {processor.py:925} INFO - DAG(s) 'sales_ingestion_incremental' retrieved from /opt/airflow/dags/sale_ingestion_dag.py
[2026-01-15T18:48:33.516+0000] {logging_mixin.py:190} INFO - [2026-01-15T18:48:33.515+0000] {dag.py:3211} INFO - Sync 1 DAGs
[2026-01-15T18:48:33.527+0000] {logging_mixin.py:190} INFO - [2026-01-15T18:48:33.527+0000] {dag.py:4138} INFO - Setting next_dagrun for sales_ingestion_incremental to None, run_after=None
[2026-01-15T18:48:33.593+0000] {processor.py:208} INFO - Processing /opt/airflow/dags/sale_ingestion_dag.py took 0.381 seconds
[2026-01-15T18:49:03.833+0000] {processor.py:186} INFO - Started process (PID=278) to work on /opt/airflow/dags/sale_ingestion_dag.py
[2026-01-15T18:49:03.835+0000] {processor.py:914} INFO - Processing file /opt/airflow/dags/sale_ingestion_dag.py for tasks to queue
[2026-01-15T18:49:03.837+0000] {logging_mixin.py:190} INFO - [2026-01-15T18:49:03.837+0000] {dagbag.py:587} INFO - Filling up the DagBag from /opt/airflow/dags/sale_ingestion_dag.py
[2026-01-15T18:49:04.163+0000] {processor.py:925} INFO - DAG(s) 'sales_ingestion_incremental' retrieved from /opt/airflow/dags/sale_ingestion_dag.py
[2026-01-15T18:49:04.194+0000] {logging_mixin.py:190} INFO - [2026-01-15T18:49:04.194+0000] {dag.py:3211} INFO - Sync 1 DAGs
[2026-01-15T18:49:04.208+0000] {logging_mixin.py:190} INFO - [2026-01-15T18:49:04.208+0000] {dag.py:4138} INFO - Setting next_dagrun for sales_ingestion_incremental to None, run_after=None
[2026-01-15T18:49:04.232+0000] {processor.py:208} INFO - Processing /opt/airflow/dags/sale_ingestion_dag.py took 0.406 seconds
[2026-01-15T18:49:34.509+0000] {processor.py:186} INFO - Started process (PID=284) to work on /opt/airflow/dags/sale_ingestion_dag.py
[2026-01-15T18:49:34.511+0000] {processor.py:914} INFO - Processing file /opt/airflow/dags/sale_ingestion_dag.py for tasks to queue
[2026-01-15T18:49:34.513+0000] {logging_mixin.py:190} INFO - [2026-01-15T18:49:34.513+0000] {dagbag.py:587} INFO - Filling up the DagBag from /opt/airflow/dags/sale_ingestion_dag.py
[2026-01-15T18:49:34.864+0000] {processor.py:925} INFO - DAG(s) 'sales_ingestion_incremental' retrieved from /opt/airflow/dags/sale_ingestion_dag.py
[2026-01-15T18:49:34.909+0000] {logging_mixin.py:190} INFO - [2026-01-15T18:49:34.909+0000] {dag.py:3211} INFO - Sync 1 DAGs
[2026-01-15T18:49:34.929+0000] {logging_mixin.py:190} INFO - [2026-01-15T18:49:34.928+0000] {dag.py:4138} INFO - Setting next_dagrun for sales_ingestion_incremental to None, run_after=None
[2026-01-15T18:49:34.954+0000] {processor.py:208} INFO - Processing /opt/airflow/dags/sale_ingestion_dag.py took 0.451 seconds
[2026-01-15T18:50:05.258+0000] {processor.py:186} INFO - Started process (PID=290) to work on /opt/airflow/dags/sale_ingestion_dag.py
[2026-01-15T18:50:05.259+0000] {processor.py:914} INFO - Processing file /opt/airflow/dags/sale_ingestion_dag.py for tasks to queue
[2026-01-15T18:50:05.263+0000] {logging_mixin.py:190} INFO - [2026-01-15T18:50:05.262+0000] {dagbag.py:587} INFO - Filling up the DagBag from /opt/airflow/dags/sale_ingestion_dag.py
[2026-01-15T18:50:05.642+0000] {processor.py:925} INFO - DAG(s) 'sales_ingestion_incremental' retrieved from /opt/airflow/dags/sale_ingestion_dag.py
[2026-01-15T18:50:05.681+0000] {logging_mixin.py:190} INFO - [2026-01-15T18:50:05.680+0000] {dag.py:3211} INFO - Sync 1 DAGs
[2026-01-15T18:50:05.695+0000] {logging_mixin.py:190} INFO - [2026-01-15T18:50:05.695+0000] {dag.py:4138} INFO - Setting next_dagrun for sales_ingestion_incremental to None, run_after=None
[2026-01-15T18:50:05.727+0000] {processor.py:208} INFO - Processing /opt/airflow/dags/sale_ingestion_dag.py took 0.477 seconds
[2026-01-15T18:50:36.019+0000] {processor.py:186} INFO - Started process (PID=296) to work on /opt/airflow/dags/sale_ingestion_dag.py
[2026-01-15T18:50:36.021+0000] {processor.py:914} INFO - Processing file /opt/airflow/dags/sale_ingestion_dag.py for tasks to queue
[2026-01-15T18:50:36.023+0000] {logging_mixin.py:190} INFO - [2026-01-15T18:50:36.023+0000] {dagbag.py:587} INFO - Filling up the DagBag from /opt/airflow/dags/sale_ingestion_dag.py
[2026-01-15T18:50:36.357+0000] {processor.py:925} INFO - DAG(s) 'sales_ingestion_incremental' retrieved from /opt/airflow/dags/sale_ingestion_dag.py
[2026-01-15T18:50:36.391+0000] {logging_mixin.py:190} INFO - [2026-01-15T18:50:36.390+0000] {dag.py:3211} INFO - Sync 1 DAGs
[2026-01-15T18:50:36.406+0000] {logging_mixin.py:190} INFO - [2026-01-15T18:50:36.406+0000] {dag.py:4138} INFO - Setting next_dagrun for sales_ingestion_incremental to None, run_after=None
[2026-01-15T18:50:36.431+0000] {processor.py:208} INFO - Processing /opt/airflow/dags/sale_ingestion_dag.py took 0.418 seconds
[2026-01-15T18:51:06.727+0000] {processor.py:186} INFO - Started process (PID=302) to work on /opt/airflow/dags/sale_ingestion_dag.py
[2026-01-15T18:51:06.728+0000] {processor.py:914} INFO - Processing file /opt/airflow/dags/sale_ingestion_dag.py for tasks to queue
[2026-01-15T18:51:06.733+0000] {logging_mixin.py:190} INFO - [2026-01-15T18:51:06.732+0000] {dagbag.py:587} INFO - Filling up the DagBag from /opt/airflow/dags/sale_ingestion_dag.py
[2026-01-15T18:51:07.095+0000] {processor.py:925} INFO - DAG(s) 'sales_ingestion_incremental' retrieved from /opt/airflow/dags/sale_ingestion_dag.py
[2026-01-15T18:51:07.130+0000] {logging_mixin.py:190} INFO - [2026-01-15T18:51:07.130+0000] {dag.py:3211} INFO - Sync 1 DAGs
[2026-01-15T18:51:07.147+0000] {logging_mixin.py:190} INFO - [2026-01-15T18:51:07.147+0000] {dag.py:4138} INFO - Setting next_dagrun for sales_ingestion_incremental to None, run_after=None
[2026-01-15T18:51:07.171+0000] {processor.py:208} INFO - Processing /opt/airflow/dags/sale_ingestion_dag.py took 0.452 seconds
[2026-01-15T18:51:37.471+0000] {processor.py:186} INFO - Started process (PID=308) to work on /opt/airflow/dags/sale_ingestion_dag.py
[2026-01-15T18:51:37.473+0000] {processor.py:914} INFO - Processing file /opt/airflow/dags/sale_ingestion_dag.py for tasks to queue
[2026-01-15T18:51:37.476+0000] {logging_mixin.py:190} INFO - [2026-01-15T18:51:37.476+0000] {dagbag.py:587} INFO - Filling up the DagBag from /opt/airflow/dags/sale_ingestion_dag.py
[2026-01-15T18:51:37.812+0000] {processor.py:925} INFO - DAG(s) 'sales_ingestion_incremental' retrieved from /opt/airflow/dags/sale_ingestion_dag.py
[2026-01-15T18:51:37.841+0000] {logging_mixin.py:190} INFO - [2026-01-15T18:51:37.841+0000] {dag.py:3211} INFO - Sync 1 DAGs
[2026-01-15T18:51:37.860+0000] {logging_mixin.py:190} INFO - [2026-01-15T18:51:37.859+0000] {dag.py:4138} INFO - Setting next_dagrun for sales_ingestion_incremental to None, run_after=None
[2026-01-15T18:51:37.887+0000] {processor.py:208} INFO - Processing /opt/airflow/dags/sale_ingestion_dag.py took 0.423 seconds
[2026-01-15T18:52:08.213+0000] {processor.py:186} INFO - Started process (PID=314) to work on /opt/airflow/dags/sale_ingestion_dag.py
[2026-01-15T18:52:08.215+0000] {processor.py:914} INFO - Processing file /opt/airflow/dags/sale_ingestion_dag.py for tasks to queue
[2026-01-15T18:52:08.221+0000] {logging_mixin.py:190} INFO - [2026-01-15T18:52:08.220+0000] {dagbag.py:587} INFO - Filling up the DagBag from /opt/airflow/dags/sale_ingestion_dag.py
[2026-01-15T18:52:08.608+0000] {processor.py:925} INFO - DAG(s) 'sales_ingestion_incremental' retrieved from /opt/airflow/dags/sale_ingestion_dag.py
[2026-01-15T18:52:08.649+0000] {logging_mixin.py:190} INFO - [2026-01-15T18:52:08.649+0000] {dag.py:3211} INFO - Sync 1 DAGs
[2026-01-15T18:52:08.668+0000] {logging_mixin.py:190} INFO - [2026-01-15T18:52:08.668+0000] {dag.py:4138} INFO - Setting next_dagrun for sales_ingestion_incremental to None, run_after=None
[2026-01-15T18:52:08.740+0000] {processor.py:208} INFO - Processing /opt/airflow/dags/sale_ingestion_dag.py took 0.537 seconds
[2026-01-15T18:52:39.018+0000] {processor.py:186} INFO - Started process (PID=320) to work on /opt/airflow/dags/sale_ingestion_dag.py
[2026-01-15T18:52:39.020+0000] {processor.py:914} INFO - Processing file /opt/airflow/dags/sale_ingestion_dag.py for tasks to queue
[2026-01-15T18:52:39.024+0000] {logging_mixin.py:190} INFO - [2026-01-15T18:52:39.024+0000] {dagbag.py:587} INFO - Filling up the DagBag from /opt/airflow/dags/sale_ingestion_dag.py
[2026-01-15T18:52:39.396+0000] {processor.py:925} INFO - DAG(s) 'sales_ingestion_incremental' retrieved from /opt/airflow/dags/sale_ingestion_dag.py
[2026-01-15T18:52:39.429+0000] {logging_mixin.py:190} INFO - [2026-01-15T18:52:39.428+0000] {dag.py:3211} INFO - Sync 1 DAGs
[2026-01-15T18:52:39.445+0000] {logging_mixin.py:190} INFO - [2026-01-15T18:52:39.444+0000] {dag.py:4138} INFO - Setting next_dagrun for sales_ingestion_incremental to None, run_after=None
[2026-01-15T18:52:39.464+0000] {processor.py:208} INFO - Processing /opt/airflow/dags/sale_ingestion_dag.py took 0.456 seconds
[2026-01-15T18:53:09.810+0000] {processor.py:186} INFO - Started process (PID=326) to work on /opt/airflow/dags/sale_ingestion_dag.py
[2026-01-15T18:53:09.813+0000] {processor.py:914} INFO - Processing file /opt/airflow/dags/sale_ingestion_dag.py for tasks to queue
[2026-01-15T18:53:09.816+0000] {logging_mixin.py:190} INFO - [2026-01-15T18:53:09.816+0000] {dagbag.py:587} INFO - Filling up the DagBag from /opt/airflow/dags/sale_ingestion_dag.py
[2026-01-15T18:53:10.174+0000] {processor.py:925} INFO - DAG(s) 'sales_ingestion_incremental' retrieved from /opt/airflow/dags/sale_ingestion_dag.py
[2026-01-15T18:53:10.206+0000] {logging_mixin.py:190} INFO - [2026-01-15T18:53:10.206+0000] {dag.py:3211} INFO - Sync 1 DAGs
[2026-01-15T18:53:10.227+0000] {logging_mixin.py:190} INFO - [2026-01-15T18:53:10.226+0000] {dag.py:4138} INFO - Setting next_dagrun for sales_ingestion_incremental to None, run_after=None
[2026-01-15T18:53:10.296+0000] {processor.py:208} INFO - Processing /opt/airflow/dags/sale_ingestion_dag.py took 0.495 seconds
